[2024-10-18 08:49:56] [Customer] [UserID: 8]: Fetch on ProductID: 15 - Failure - No bid item found with ID: 15
[2024-10-18 08:49:56] [Customer] [UserID: 8]: Fetch on ProductID: 15 - Failure - No bid item found with ID: 15
[2024-10-18 08:50:37] [Customer] [UserID: 8]: Fetch on ProductID: 8 - Success - Bid item fetched successfully
[2024-10-18 08:50:37] [Customer] [UserID: 8]: Fetch on ProductID: 8 - Success - Bid item fetched successfully
[2024-10-18 08:57:01] [Customer] [UserID: 8]: Fetch on ProductID: 8 - Success - Bid item fetched successfully
[2024-10-18 08:57:01] [Customer] [UserID: 8]: Fetch on ProductID: 8 - Success - Bid item fetched successfully
[2024-10-18 08:57:01] [Customer] [UserID: 8]: Fetch on ProductID: 8 - Success - Bid history fetched successfully
[2024-10-18 08:57:01] [Customer] [UserID: 8]: Fetch on ProductID: 8 - Success - Bid history fetched successfully
[2024-10-18 08:59:48] [Customer] [UserID: 8]: Fetch on ProductID: 8 - Success - Bid item fetched successfully
[2024-10-18 08:59:48] [Customer] [UserID: 8]: Fetch on ProductID: 8 - Success - Bid item fetched successfully
[2024-10-18 08:59:48] [Customer] [UserID: 8]: Fetch on ProductID: 8 - Success - Bid history fetched successfully
[2024-10-18 08:59:48] [Customer] [UserID: 8]: Fetch on ProductID: 8 - Success - Bid history fetched successfully
[2024-10-18 09:04:44] [Customer] [UserID: 8]: Fetch on ProductID: 8 - Success - Bid item fetched successfully
[2024-10-18 09:04:44] [Customer] [UserID: 8]: Fetch on ProductID: 8 - Success - Bid item fetched successfully
[2024-10-18 09:04:44] [Customer] [UserID: 8]: Fetch on ProductID: 8 - Success - Bid history fetched successfully
[2024-10-18 09:04:44] [Customer] [UserID: 8]: Fetch on ProductID: 8 - Success - Bid history fetched successfully
[2024-10-18 09:04:45] [Customer] [UserID: 8]: Fetch on ProductID: 0 - Success - Additional bid items fetched successfully
[2024-10-18 09:04:45] [Customer] [UserID: 8]: Fetch on ProductID: 0 - Success - Additional bid items fetched successfully
[2024-10-18 09:17:52] [Customer] [UserID: 8]: Payment on ProductID: 8 - Success - Payment processed successfully
[2024-10-18 09:17:52] [Customer] [UserID: 8]: Bid on ProductID: 8 - Success - Bid placed successfully
[2024-10-18 09:17:52] [Customer] [UserID: 8]: Bid on ProductID: 8 - Success - Bid price updated successfully
[2024-10-18 09:17:53] [Customer] [UserID: 8]: Fetch on ProductID: 8 - Success - Bid history fetched successfully
[2024-10-18 09:22:05] [Customer] [UserID: 8]: Fetch on ProductID: 8 - Success - Bid item fetched successfully
[2024-10-18 09:22:05] [Customer] [UserID: 8]: Fetch on ProductID: 8 - Success - Bid item fetched successfully
[2024-10-18 09:22:05] [Customer] [UserID: 8]: Fetch on ProductID: 8 - Success - Bid history fetched successfully
[2024-10-18 09:22:05] [Customer] [UserID: 8]: Fetch on ProductID: 8 - Success - Bid history fetched successfully
[2024-10-18 09:22:05] [Customer] [UserID: 8]: Fetch on ProductID: 0 - Success - Additional bid items fetched successfully
[2024-10-18 09:22:06] [Customer] [UserID: 8]: Fetch on ProductID: 0 - Success - Additional bid items fetched successfully
[2024-10-18 09:22:17] [Customer] [UserID: 8]: Update on ProductID: 8 - Success - Payment updated successfully
[2024-10-18 09:22:17] [Customer] [UserID: 8]: Bid on ProductID: 8 - Success - Bid placed successfully
[2024-10-18 09:22:17] [Customer] [UserID: 8]: Bid on ProductID: 8 - Success - Bid price updated successfully
[2024-10-18 09:22:17] [Customer] [UserID: 8]: Fetch on ProductID: 8 - Success - Bid history fetched successfully
[2024-10-18 09:24:48] [Customer] [UserID: 8]: Update on ProductID: 8 - Success - Payment updated successfully
[2024-10-18 09:24:48] [Customer] [UserID: 8]: Create on ProductID: 8 - Success - Bid placed successfully
[2024-10-18 09:24:48] [Customer] [UserID: 8]: Update on ProductID: 8 - Success - Bid price updated successfully
[2024-10-18 09:24:48] [Customer] [UserID: 8]: Fetch on ProductID: 8 - Success - Bid history fetched successfully
[2024-10-18 09:27:18] [Customer] [UserID: 8]: Fetch on ProductID: 5 - Success - Bid item fetched successfully
[2024-10-18 09:27:18] [Customer] [UserID: 8]: Fetch on ProductID: 5 - Success - Bid item fetched successfully
[2024-10-18 09:27:18] [Customer] [UserID: 8]: Fetch on ProductID: 5 - Success - Bid history fetched successfully
[2024-10-18 09:27:19] [Customer] [UserID: 8]: Fetch on ProductID: 5 - Success - Bid history fetched successfully
[2024-10-18 09:27:19] [Customer] [UserID: 8]: Fetch on ProductID: 0 - Success - Additional bid items fetched successfully
[2024-10-18 09:27:19] [Customer] [UserID: 8]: Fetch on ProductID: 0 - Success - Additional bid items fetched successfully
[2024-10-18 09:27:29] [Customer] [UserID: 8]: Fetch on ProductID: 5 - Success - No existing payment found
[2024-10-18 09:27:45] [Customer] [UserID: 8]: Create on ProductID: 5 - Success - Payment processed successfully
[2024-10-18 09:27:45] [Customer] [UserID: 8]: Create on ProductID: 5 - Success - Bid placed successfully
[2024-10-18 09:27:45] [Customer] [UserID: 8]: Update on ProductID: 5 - Success - Bid price updated successfully
[2024-10-18 09:27:46] [Customer] [UserID: 8]: Fetch on ProductID: 5 - Success - Bid history fetched successfully
[2024-10-18 09:36:49] [Customer] [UserID: 8]: Fetch on ProductID: 8 - Success - Bid item fetched successfully
[2024-10-18 09:36:50] [Customer] [UserID: 8]: Fetch on ProductID: 8 - Success - Bid item fetched successfully
[2024-10-18 09:36:50] [Customer] [UserID: 8]: Fetch on ProductID: 8 - Success - Bid history fetched successfully
[2024-10-18 09:36:50] [Customer] [UserID: 8]: Fetch on ProductID: 8 - Success - Bid history fetched successfully
[2024-10-18 09:36:50] [Customer] [UserID: 8]: Fetch on ProductID: 0 - Success - Additional bid items fetched successfully
[2024-10-18 09:36:50] [Customer] [UserID: 8]: Fetch on ProductID: 0 - Success - Additional bid items fetched successfully
[2024-10-18 09:42:10] [Customer] [UserID: 8]: Fetch on ProductID: 8 - Success - Bid item fetched successfully
[2024-10-18 09:42:10] [Customer] [UserID: 8]: Fetch on ProductID: 8 - Success - Bid item fetched successfully
[2024-10-18 09:42:10] [Customer] [UserID: 8]: Fetch on ProductID: 8 - Success - Bid history fetched successfully
[2024-10-18 09:42:11] [Customer] [UserID: 8]: Fetch on ProductID: 8 - Success - Bid history fetched successfully
[2024-10-18 09:42:11] [Customer] [UserID: 8]: Fetch on ProductID: 0 - Success - Additional bid items fetched successfully
[2024-10-18 09:42:11] [Customer] [UserID: 8]: Fetch on ProductID: 0 - Success - Additional bid items fetched successfully
