[2024-10-18 09:55:36] [Guest] [UserID: NaN]: Fetch on ProductID: 0 - Success - 4 hot deals fetched successfully.
[2024-10-18 09:55:43] [Guest] [UserID: NaN]: Fetch on ProductID: 0 - Success - 4 hot deals fetched successfully.
[2024-10-18 09:56:40] [Customer] [UserID: 8]: Fetch on ProductID: 0 - Success - 4 hot deals fetched successfully.
[2024-10-18 10:05:19] [Guest] [UserEmail: NaN]: Fetch on ProductID: 0 - Success - 2 hot deals fetched successfully.
[2024-10-18 10:05:58] [Guest] [UserEmail: NaN]: Fetch on ProductID: 0 - Success - 2 hot deals fetched successfully.
[2024-10-18 10:06:23] [Guest] [UserEmail: 6]: Fetch on ProductID: 0 - Success - 2 hot deals fetched successfully.
[2024-10-18 10:18:49] [Guest] [UserEmail: 9]: Fetch on ProductID: 0 - Success - 4 hot deals fetched successfully.
[2024-10-18 10:18:49] [Guest] [UserEmail: 9]: Fetch on ProductID: 0 - Success - 4 hot deals fetched successfully.
[2024-10-18 10:21:01] [Guest] [UserEmail: 8]: Fetch on ProductID: 0 - Success - 4 hot deals fetched successfully.
[2024-10-18 10:23:47] [Guest] [UserEmail: 9]: Fetch on ProductID: 0 - Success - 4 hot deals fetched successfully.
[2024-10-18 10:55:09] [Customer] [UserEmail: 8]: Fetch on ProductID: 0 - Success - 4 hot deals fetched successfully.
[2024-10-18 10:57:02] [Guest] [UserEmail: 9]: Fetch on ProductID: 0 - Success - 4 hot deals fetched successfully.
[2024-10-18 10:57:44] [Customer] [UserEmail: 8]: Fetch on ProductID: 0 - Success - 4 hot deals fetched successfully.
[2024-10-18 10:57:49] [Customer] [UserEmail: 8]: Fetch on ProductID: 0 - Success - 4 hot deals fetched successfully.
[2024-10-18 11:06:47] [Customer] [UserEmail: testguy1@gmail.com]: Fetch on ProductID: 0 - Success - 4 hot deals fetched successfully.
[2024-10-18 11:08:57] [Customer] [UserEmail: testguy1@gmail.com]: Fetch on ProductID: 0 - Success - 4 hot deals fetched successfully.
[2024-10-18 11:24:03] [Customer] [UserEmail: testguy1@gmail.com]: Fetch on ProductID: 0 - Success - 4 hot deals fetched successfully.
[2024-10-18 11:35:17] [Customer] [UserEmail: testguy1@gmail.com]: Fetch on ProductID: 0 - Success - 4 hot deals fetched successfully.
[2024-10-18 11:35:22] [Customer] [UserEmail: testguy1@gmail.com]: Fetch on ProductID: 0 - Success - 4 hot deals fetched successfully.
[2024-10-18 11:36:34] [Customer] [UserEmail: testguy1@gmail.com]: Fetch on ProductID: 0 - Success - 4 hot deals fetched successfully.
[2024-10-18 11:36:37] [Customer] [UserEmail: testguy1@gmail.com]: Fetch on ProductID: 0 - Success - 4 hot deals fetched successfully.
[2024-10-18 11:38:47] [Customer] [UserEmail: testguy1@gmail.com]: Fetch on ProductID: 0 - Success - 4 hot deals fetched successfully.
[2024-10-18 11:38:55] [Customer] [UserEmail: testguy1@gmail.com]: Fetch on ProductID: 0 - Success - 4 hot deals fetched successfully.
[2024-10-18 11:39:14] [Customer] [UserEmail: testguy1@gmail.com]: Fetch on ProductID: 0 - Success - 4 hot deals fetched successfully.
[2024-10-18 11:39:59] [Customer] [UserEmail: testguy1@gmail.com]: Fetch on ProductID: 0 - Success - 4 hot deals fetched successfully.
[2024-10-18 11:40:03] [Customer] [UserEmail: testguy1@gmail.com]: Fetch on ProductID: 0 - Success - 4 hot deals fetched successfully.
[2024-10-18 11:47:29] [Customer] [UserEmail: testguy1@gmail.com]: Fetch on ProductID: 0 - Success - 4 hot deals fetched successfully.
[2024-10-18 11:47:48] [Customer] [UserEmail: testguy1@gmail.com]: Fetch on ProductID: 0 - Success - 4 hot deals fetched successfully.
[2024-10-18 11:47:55] [Customer] [UserEmail: testguy1@gmail.com]: Fetch on ProductID: 0 - Success - 4 hot deals fetched successfully.
[2024-10-18 11:49:16] [Customer] [UserEmail: testguy1@gmail.com]: Fetch on ProductID: 0 - Success - 4 hot deals fetched successfully.
[2024-10-18 11:49:20] [Customer] [UserEmail: testguy1@gmail.com]: Fetch on ProductID: 0 - Success - 4 hot deals fetched successfully.
[2024-10-18 11:50:25] [Customer] [UserEmail: testguy1@gmail.com]: Fetch on ProductID: 0 - Success - 4 hot deals fetched successfully.
[2024-10-18 11:55:57] [Customer] [UserEmail: testguy1@gmail.com]: Fetch on ProductID: 0 - Success - 4 hot deals fetched successfully.
[2024-10-18 11:55:57] [Customer] [UserEmail: testguy1@gmail.com]: Fetch on ProductID: 0 - Success - 4 hot deals fetched successfully.
[2024-10-18 11:56:12] [Customer] [UserEmail: testguy1@gmail.com]: Fetch on ProductID: 0 - Success - 4 hot deals fetched successfully.
[2024-10-18 11:56:19] [Customer] [UserEmail: testguy1@gmail.com]: Fetch on ProductID: 0 - Success - 4 hot deals fetched successfully.
[2024-10-18 12:14:14] [Guest] [UserEmail: vdeshan044@gmail.com]: Fetch on ProductID: 0 - Success - 4 hot deals fetched successfully.
[2024-10-18 12:25:34] [Guest] [UserEmail: testguy1@gmail.com]: 0  - Fetch - Success
[2024-10-18 12:27:31] [Customer] [UserEmail: testguy1@gmail.com]: 0 - Fetch - Success
[2024-10-18 12:28:39] [Customer] [UserEmail: testguy1@gmail.com]: 0 - Fetch - Success
[2024-10-18 12:29:11] [Customer] [UserEmail: testguy1@gmail.com]: Fetch - Success - 4 hot deals fetched successfully.
[2024-10-18 12:32:58] [Customer] [UserEmail: testguy1@gmail.com]: Fetch - Success - 4 hot deals fetched successfully.
[2024-10-18 12:37:18] [Customer] [UserEmail: testguy1@gmail.com]: Success on ProductID: Fetch - 4 hot deals fetched successfully. - undefined
[2024-10-18 12:38:18] [Customer] [UserEmail: testguy1@gmail.com]: Success on ProductID: Fetch - 4 hot deals fetched successfully. - undefined
[2024-10-18 12:38:58] [Customer] [UserEmail: testguy1@gmail.com]: Success on ProductID: Fetch - 4 hot deals fetched successfully. - undefined
[2024-10-18 12:42:15] [Customer] [UserEmail: testguy1@gmail.com]: Fetch - Success - 4 hot deals fetched successfully.
[2024-10-18 12:44:28] [Customer] [UserEmail: testguy1@gmail.com]: Fetch - Success - 4 hot deals fetched successfully.
[2024-10-18 12:48:20] [Customer] [UserEmail: testguy1@gmail.com]: Fetch - Success - 4 hot deals fetched successfully.
[2024-10-18 12:53:05] [Guest] [UserEmail: dssffsf]: Fetch - Failure - Failed to fetch hot deals: Cannot read properties of undefined (reading 'email')
[2024-10-18 12:53:25] [Guest] [UserEmail: dssffsf]: Fetch - Failure - Failed to fetch hot deals: Cannot read properties of undefined (reading 'email')
[2024-10-18 12:53:27] [Guest] [UserEmail: dssffsf]: Fetch - Failure - Failed to fetch hot deals: Cannot read properties of undefined (reading 'email')
[2024-10-18 12:54:04] [Guest] [UserEmail: dssffsf]: Fetch - Failure - Failed to fetch hot deals: Cannot read properties of undefined (reading 'email')
