[2024-10-18 07:58:46] [Customer] [UserID: 0]: Fetch on ProductID: 0 - Success - 7 Products Fetched successfully.
[2024-10-18 08:00:21] [Guest] [UserID: 0]: Fetch on ProductID: 0 - Success - 7 Products Fetched successfully.
[2024-10-18 08:01:42] [Guest] [UserID: 0]: Fetch on ProductID: 0 - Success - 7 Products Fetched successfully.
[2024-10-18 08:01:48] [Guest] [UserID: 0]: Fetch on ProductID: 0 - Success - 7 Products Fetched successfully.
[2024-10-18 08:01:55] [Guest] [UserID: 0]: Fetch on ProductID: 0 - Success - 7 Products Fetched successfully.
[2024-10-18 08:04:54] [Guest] [UserID: 0]: Fetch on ProductID: 0 - Success - 3 Products Fetched successfully.
[2024-10-18 08:04:59] [Guest] [UserID: 0]: Fetch on ProductID: 0 - Success - 3 Products Fetched successfully.
[2024-10-18 08:07:06] [Customer] [UserID: 8]: Fetch on ProductID: 0 - Success - 3 Products Fetched successfully.
[2024-10-18 08:08:32] [Customer] [UserID: 8]: Fetch on ProductID: 0 - Success - 3 Products Fetched successfully.
[2024-10-18 08:08:47] [Customer] [UserID: 0]: Fetch on ProductID: 0 - Success - 3 Products Fetched successfully.
[2024-10-18 08:08:50] [Customer] [UserID: 0]: Fetch on ProductID: 0 - Success - 3 Products Fetched successfully.
[2024-10-18 08:11:20] [Guest] [UserID: 0]: Fetch on ProductID: 0 - Success - 3 Products Fetched successfully.
[2024-10-18 08:11:42] [Customer] [UserID: 8]: Fetch on ProductID: 0 - Success - 3 Products Fetched successfully.
[2024-10-18 08:13:00] [Customer] [UserID: 8]: Fetch on ProductID: 0 - Success - 3 Products Fetched successfully.
[2024-10-18 08:14:29] [Customer] [UserID: 8]: Fetch on ProductID: 0 - Success - 3 Products Fetched successfully.
[2024-10-18 08:14:38] [Customer] [UserID: 8]: Fetch on ProductID: 0 - Success - 3 Products Fetched successfully.
[2024-10-18 08:15:53] [Customer] [UserID: 8]: Fetch on ProductID: 0 - Success - 3 Products Fetched successfully.
[2024-10-18 08:16:05] [Customer] [UserID: 8]: Fetch on ProductID: 0 - Success - 3 Products Fetched successfully.
[2024-10-18 08:17:09] [Customer] [UserID: 8]: Fetch on ProductID: 0 - Success - 3 Products Fetched successfully.
[2024-10-18 08:33:58] [Customer] [UserID: 8]: Fetch on ProductID: 0 - Success - 3 Products Fetched successfully.
[2024-10-18 08:40:23] [Customer] [UserID: 8]: Fetch on ProductID: 0 - Success - 3 Products Fetched successfully.
[2024-10-18 08:40:34] [Customer] [UserID: 8]: Fetch on ProductID: 0 - Success - 3 Products Fetched successfully.
[2024-10-18 08:40:58] [Customer] [UserID: 8]: Fetch on ProductID: 0 - Success - 3 Products Fetched successfully.
[2024-10-18 08:41:07] [Customer] [UserID: 8]: Fetch on ProductID: 0 - Success - 3 Products Fetched successfully.
[2024-10-18 08:50:06] [Customer] [UserID: 8]: Fetch on ProductID: 0 - Success - 3 Products Fetched successfully.
[2024-10-18 08:50:06] [Customer] [UserID: 8]: Fetch on ProductID: 0 - Success - 3 Products Fetched successfully.
[2024-10-18 08:56:59] [Customer] [UserID: 8]: Fetch on ProductID: 0 - Success - 3 Products Fetched successfully.
[2024-10-18 08:58:20] [Guest] [UserID: 0]: Fetch on ProductID: 0 - Success - 3 Products Fetched successfully.
[2024-10-18 08:58:31] [Guest] [UserID: 0]: Fetch on ProductID: 0 - Success - 3 Products Fetched successfully.
[2024-10-18 08:59:27] [Guest] [UserID: 0]: Fetch on ProductID: 0 - Success - 3 Products Fetched successfully.
[2024-10-18 08:59:46] [Customer] [UserID: 8]: Fetch on ProductID: 0 - Success - 3 Products Fetched successfully.
[2024-10-18 09:27:16] [Customer] [UserID: 8]: Fetch on ProductID: 0 - Success - 3 Products Fetched successfully.
[2024-10-18 09:36:48] [Customer] [UserID: 8]: Fetch on ProductID: 0 - Success - 3 Products Fetched successfully.
[2024-10-18 09:47:14] [Customer] [UserID: 8]: Fetch on ProductID: 0 - Success - 3 Products Fetched successfully.
[2024-10-18 09:49:16] [Customer] [UserID: 8]: Fetch on ProductID: 0 - Success - 3 Products Fetched successfully.
[2024-10-18 09:57:13] [Customer] [UserID: 8]: Fetch on ProductID: 0 - Success - 3 Products Fetched successfully.
[2024-10-18 09:57:36] [Customer] [UserID: 8]: Fetch on ProductID: 0 - Success - 3 Products Fetched successfully.
[2024-10-18 10:21:13] [Customer] [UserEmail: 8]: Fetch on ProductID: 0 - Success - 3 Products Fetched successfully.
[2024-10-18 10:21:16] [Customer] [UserEmail: 8]: Fetch on ProductID: 0 - Success - 3 Products Fetched successfully.
[2024-10-18 10:22:03] [Customer] [UserEmail: 8]: Fetch on ProductID: 0 - Success - 3 Products Fetched successfully.
[2024-10-18 10:22:14] [Customer] [UserEmail: 8]: Fetch on ProductID: 0 - Success - 8 Products Fetched successfully.
[2024-10-18 10:22:59] [Customer] [UserEmail: 8]: Fetch on ProductID: 0 - Success - 8 Products Fetched successfully.
[2024-10-18 10:23:41] [Guest] [UserEmail: 0]: Fetch on ProductID: 0 - Success - 8 Products Fetched successfully.
[2024-10-18 10:54:08] [Guest] [UserEmail: 9]: Fetch on ProductID: 0 - Success - 8 Products Fetched successfully.
[2024-10-18 10:54:30] [Guest] [UserEmail: 0]: Fetch on ProductID: 0 - Success - 8 Products Fetched successfully.
[2024-10-18 10:55:10] [Customer] [UserEmail: 8]: Fetch on ProductID: 0 - Success - 8 Products Fetched successfully.
[2024-10-18 10:56:57] [Guest] [UserEmail: 0]: Fetch on ProductID: 0 - Success - 8 Products Fetched successfully.
[2024-10-18 10:57:53] [Customer] [UserEmail: 8]: Fetch on ProductID: 0 - Success - 8 Products Fetched successfully.
[2024-10-18 10:58:15] [Customer] [UserEmail: 8]: Fetch on ProductID: 0 - Success - 8 Products Fetched successfully.
[2024-10-18 10:58:16] [Customer] [UserEmail: 8]: Fetch on ProductID: 0 - Success - 8 Products Fetched successfully.
[2024-10-18 10:59:00] [Customer] [UserEmail: 8]: Fetch on ProductID: 0 - Success - 8 Products Fetched successfully.
[2024-10-18 10:59:11] [Customer] [UserEmail: testguy1@gmail.com]: Fetch on ProductID: 0 - Success - 8 Products Fetched successfully.
[2024-10-18 10:59:37] [Customer] [UserEmail: testguy1@gmail.com]: Fetch on ProductID: 0 - Success - 8 Products Fetched successfully.
[2024-10-18 11:24:03] [Customer] [UserEmail: testguy1@gmail.com]: Fetch on ProductID: 0 - Success - 8 Products Fetched successfully.
[2024-10-18 11:24:10] [Customer] [UserEmail: testguy1@gmail.com]: Fetch on ProductID: 0 - Success - 8 Products Fetched successfully.
[2024-10-18 12:26:02] [Customer] [UserEmail: testguy1@gmail.com]: 0  - Fetch - Success
[2024-10-18 12:28:46] [Customer] [UserEmail: testguy1@gmail.com]: Fetch - Success - 8 Products Fetched successfully.
[2024-10-18 12:29:10] [Customer] [UserEmail: testguy1@gmail.com]: Fetch - Success - 8 Products Fetched successfully.
[2024-10-18 12:32:57] [Customer] [UserEmail: testguy1@gmail.com]: Fetch - Success - 8 Products Fetched successfully.
[2024-10-18 12:39:09] [Customer] [UserEmail: testguy1@gmail.com]: Fetch - Success - 8 Products Fetched successfully.
[2024-10-18 12:40:59] [Customer] [UserEmail: testguy1@gmail.com]: Fetch - Success - 8 Products Fetched successfully.
[2024-10-18 12:41:12] [Customer] [UserEmail: testguy1@gmail.com]: Fetch - Success - 8 Products Fetched successfully.
[2024-10-18 12:41:36] [Customer] [UserEmail: testguy1@gmail.com]: Fetch - Success - 8 Products Fetched successfully.
